
   140   69   6371.00
    1   6371.00    5.8000    3.3600
    2   6351.00    5.8000    3.3600
    3   6351.00    6.5000    3.7500
    4   6336.00    6.5000    3.7500
    5   6336.00    8.0400    4.4700
    6   6293.50    8.0450    4.4850
    7   6251.00    8.0500    4.5000
    8   6251.00    8.0500    4.5000
    9   6206.00    8.1750    4.5090
   10   6161.00    8.3000    4.5180
   11   6161.00    8.3000    4.5220
   12   6111.00    8.4825    4.6090
   13   6061.00    8.6650    4.6960
   14   6011.00    8.8475    4.7830
   15   5961.00    9.0300    4.8700
   16   5961.00    9.3600    5.0700
   17   5911.00    9.5280    5.1760
   18   5861.00    9.6960    5.2820
   19   5811.00    9.8640    5.3880
   20   5761.00   10.0320    5.4940
   21   5711.00   10.2000    5.6000
   22   5711.00   10.7900    5.9500
   23   5661.00   10.9229    6.0797
   24   5611.00   11.0558    6.2095
   25   5611.00   11.0558    6.2095
   26   5561.50   11.1440    6.2474
   27   5512.00   11.2300    6.2841
   28   5462.50   11.3140    6.3199
   29   5413.00   11.3960    6.3546
   30   5363.50   11.4761    6.3883
   31   5314.00   11.5543    6.4211
   32   5264.50   11.6308    6.4530
   33   5215.00   11.7056    6.4841
   34   5165.50   11.7787    6.5143
   35   5116.00   11.8504    6.5438
   36   5066.50   11.9205    6.5725
   37   5017.00   11.9893    6.6006
   38   4967.50   12.0568    6.6280
   39   4918.00   12.1231    6.6547
   40   4868.50   12.1881    6.6809
   41   4819.00   12.2521    6.7066
   42   4769.50   12.3151    6.7317
   43   4720.00   12.3772    6.7564
   44   4670.50   12.4383    6.7807
   45   4621.00   12.4987    6.8046
   46   4571.50   12.5584    6.8282
   47   4522.00   12.6174    6.8514
   48   4472.50   12.6759    6.8745
   49   4423.00   12.7339    6.8972
   50   4373.50   12.7915    6.9199
   51   4324.00   12.8487    6.9423
   52   4274.50   12.9057    6.9647
   53   4225.00   12.9625    6.9870
   54   4175.50   13.0192    7.0093
   55   4126.00   13.0758    7.0316
   56   4076.50   13.1325    7.0540
   57   4027.00   13.1892    7.0765
   58   3977.50   13.2462    7.0991
   59   3928.00   13.3034    7.1218
   60   3878.50   13.3610    7.1449
   61   3829.00   13.4189    7.1681
   62   3779.50   13.4774    7.1917
   63   3730.00   13.5364    7.2156
   64   3680.50   13.5961    7.2398
   65   3631.00   13.6564    7.2645
   66   3631.00   13.6564    7.2645
   67   3581.33   13.6679    7.2768
   68   3531.67   13.6793    7.2892
   69   3482.00   13.6908    7.3015
   70   3482.00    8.0088    8.0088
   71   3431.67    8.0963    8.0963
   72   3381.34    8.1821    8.1821
   73   3331.01    8.2662    8.2662
   74   3280.68    8.3486    8.3486
   75   3230.34    8.4293    8.4293
   76   3180.01    8.5083    8.5083
   77   3129.68    8.5856    8.5856
   78   3079.35    8.6611    8.6611
   79   3029.02    8.7350    8.7350
   80   2978.69    8.8072    8.8072
   81   2928.36    8.8776    8.8776
   82   2878.03    8.9464    8.9464
   83   2827.70    9.0134    9.0134
   84   2777.36    9.0787    9.0787
   85   2727.03    9.1424    9.1424
   86   2676.70    9.2043    9.2043
   87   2626.37    9.2645    9.2645
   88   2576.04    9.3230    9.3230
   89   2525.71    9.3798    9.3798
   90   2475.38    9.4349    9.4349
   91   2425.05    9.4883    9.4883
   92   2374.72    9.5400    9.5400
   93   2324.38    9.5900    9.5900
   94   2274.05    9.6382    9.6382
   95   2223.72    9.6848    9.6848
   96   2173.39    9.7297    9.7297
   97   2123.06    9.7728    9.7728
   98   2072.73    9.8143    9.8143
   99   2022.40    9.8540    9.8540
  100   1972.07    9.8920    9.8920
  101   1921.74    9.9284    9.9284
  102   1871.40    9.9630    9.9630
  103   1821.07    9.9959    9.9959
  104   1770.74   10.0271   10.0271
  105   1720.41   10.0566   10.0566
  106   1670.08   10.0844   10.0844
  107   1619.75   10.1105   10.1105
  108   1569.42   10.1349   10.1349
  109   1519.09   10.1576   10.1576
  110   1468.76   10.1785   10.1785
  111   1418.42   10.1978   10.1978
  112   1368.09   10.2154   10.2154
  113   1317.76   10.2312   10.2312
  114   1267.43   10.2454   10.2454
  115   1217.10   10.2578   10.2578
  116   1217.10   10.9714   10.9714
  117   1166.39   10.9836   10.9836
  118   1115.68   10.9953   10.9953
  119   1064.96   11.0065   11.0065
  120   1014.25   11.0171   11.0171
  121    963.54   11.0272   11.0272
  122    912.83   11.0368   11.0368
  123    862.11   11.0459   11.0459
  124    811.40   11.0545   11.0545
  125    760.69   11.0625   11.0625
  126    709.98   11.0701   11.0701
  127    659.26   11.0771   11.0771
  128    608.55   11.0836   11.0836
  129    557.84   11.0895   11.0895
  130    507.13   11.0950   11.0950
  131    456.41   11.0999   11.0999
  132    405.70   11.1043   11.1043
  133    354.99   11.1082   11.1082
  134    304.28   11.1116   11.1116
  135    253.56   11.1145   11.1145
  136    202.85   11.1168   11.1168
  137    152.14   11.1186   11.1186
  138    101.43   11.1199   11.1199
  139     50.71   11.1207   11.1207
  140      0.00   11.1209   11.1209

     1   6371.00      0.00    0.579310    1.000000
     2   6351.00    -20.03    0.577492    0.996861
     3   6351.00    -20.03    0.515300    0.893187
     4   6336.00    -35.10    0.514083    0.891078
     5   6336.00    -35.10    0.415615    0.747548
     6   6293.50    -77.98    0.412570    0.740051
     7   6251.00   -121.14    0.409529    0.732603
     8   6251.00   -121.14    0.409529    0.732603
     9   6206.00   -167.17    0.400364    0.725877
    10   6161.00   -213.54    0.391475    0.719178
    11   6161.00   -213.54    0.391475    0.718541
    12   6111.00   -265.45    0.379945    0.699258
    13   6061.00   -317.80    0.368899    0.680688
    14   6011.00   -370.57    0.358309    0.662793
    15   5961.00   -423.79    0.348148    0.645539
    16   5961.00   -423.79    0.335872    0.620072
    17   5911.00   -477.45    0.327183    0.602280
    18   5861.00   -531.57    0.318795    0.585201
    19   5811.00   -586.16    0.310692    0.568794
    20   5761.00   -641.21    0.302860    0.553020
    21   5711.00   -696.75    0.295287    0.537845
    22   5711.00   -696.75    0.279140    0.506204
    23   5661.00   -752.77    0.273330    0.491066
    24   5611.00   -809.29    0.267659    0.476559
    25   5611.00   -809.29    0.267659    0.476559
    26   5561.50   -865.75    0.263198    0.469490
    27   5512.00   -922.70    0.258857    0.462588
    28   5462.50   -980.18    0.254629    0.455843
    29   5413.00  -1038.17    0.250506    0.449244
    30   5363.50  -1096.70    0.246483    0.442785
    31   5314.00  -1155.77    0.242555    0.436458
    32   5264.50  -1215.40    0.238716    0.430254
    33   5215.00  -1275.58    0.234960    0.424167
    34   5165.50  -1336.35    0.231284    0.418190
    35   5116.00  -1397.69    0.227683    0.412318
    36   5066.50  -1459.64    0.224153    0.406543
    37   5017.00  -1522.19    0.220689    0.400861
    38   4967.50  -1585.36    0.217289    0.395266
    39   4918.00  -1649.16    0.213948    0.389754
    40   4868.50  -1713.61    0.210664    0.384318
    41   4819.00  -1778.72    0.207433    0.378956
    42   4769.50  -1844.50    0.204252    0.373661
    43   4720.00  -1910.97    0.201119    0.368432
    44   4670.50  -1978.13    0.198031    0.363262
    45   4621.00  -2046.02    0.194985    0.358150
    46   4571.50  -2114.63    0.191980    0.353090
    47   4522.00  -2183.99    0.189013    0.348081
    48   4472.50  -2254.12    0.186081    0.343118
    49   4423.00  -2325.02    0.183184    0.338200
    50   4373.50  -2396.72    0.180318    0.333322
    51   4324.00  -2469.24    0.177483    0.328483
    52   4274.50  -2542.60    0.174677    0.323679
    53   4225.00  -2616.81    0.171898    0.318909
    54   4175.50  -2691.89    0.169144    0.314170
    55   4126.00  -2767.87    0.166415    0.309461
    56   4076.50  -2844.76    0.163709    0.304779
    57   4027.00  -2922.60    0.161025    0.300122
    58   3977.50  -3001.40    0.158362    0.295489
    59   3928.00  -3081.18    0.155718    0.290878
    60   3878.50  -3161.98    0.153094    0.286287
    61   3829.00  -3243.81    0.150487    0.281717
    62   3779.50  -3326.71    0.147897    0.277164
    63   3730.00  -3410.70    0.145324    0.272628
    64   3680.50  -3495.82    0.142766    0.268108
    65   3631.00  -3582.08    0.140224    0.263604
    66   3631.00  -3582.08    0.140224    0.263604
    67   3581.33  -3669.83    0.138190    0.259558
    68   3531.67  -3758.80    0.136159    0.255525
    69   3482.00  -3849.04    0.134132    0.251506
    70   3482.00  -3849.04    0.229295    0.229295
    71   3431.67  -3941.80    0.223538    0.223538
    72   3381.34  -4035.93    0.217949    0.217949
    73   3331.01  -4131.48    0.212521    0.212521
    74   3280.68  -4228.48    0.207244    0.207244
    75   3230.34  -4326.98    0.202111    0.202111
    76   3180.01  -4427.02    0.197115    0.197115
    77   3129.68  -4528.67    0.192249    0.192249
    78   3079.35  -4631.96    0.187506    0.187506
    79   3029.02  -4736.95    0.182882    0.182882
    80   2978.69  -4843.70    0.178370    0.178370
    81   2928.36  -4952.27    0.173964    0.173964
    82   2878.03  -5062.72    0.169660    0.169660
    83   2827.70  -5175.13    0.165453    0.165453
    84   2777.36  -5289.55    0.161339    0.161339
    85   2727.03  -5406.06    0.157313    0.157313
    86   2676.70  -5524.75    0.153370    0.153370
    87   2626.37  -5645.68    0.149508    0.149508
    88   2576.04  -5768.96    0.145723    0.145723
    89   2525.71  -5894.67    0.142010    0.142010
    90   2475.38  -6022.91    0.138368    0.138368
    91   2425.05  -6153.78    0.134792    0.134792
    92   2374.72  -6287.40    0.131279    0.131279
    93   2324.38  -6423.89    0.127827    0.127827
    94   2274.05  -6563.36    0.124433    0.124433
    95   2223.72  -6705.95    0.121094    0.121094
    96   2173.39  -6851.80    0.117807    0.117807
    97   2123.06  -7001.08    0.114571    0.114571
    98   2072.73  -7153.94    0.111382    0.111382
    99   2022.40  -7310.55    0.108239    0.108239
   100   1972.07  -7471.11    0.105140    0.105140
   101   1921.74  -7635.82    0.102082    0.102082
   102   1871.40  -7804.90    0.099063    0.099063
   103   1821.07  -7978.60    0.096081    0.096081
   104   1770.74  -8157.16    0.093135    0.093135
   105   1720.41  -8340.87    0.090222    0.090222
   106   1670.08  -8530.04    0.087341    0.087341
   107   1619.75  -8724.99    0.084490    0.084490
   108   1569.42  -8926.10    0.081668    0.081668
   109   1519.09  -9133.77    0.078872    0.078872
   110   1468.76  -9348.43    0.076102    0.076102
   111   1418.42  -9570.58    0.073355    0.073355
   112   1368.09  -9800.75    0.070631    0.070631
   113   1317.76 -10039.56    0.067927    0.067927
   114   1267.43 -10287.66    0.065242    0.065242
   115   1217.10 -10545.82    0.062575    0.062575
   116   1217.10 -10545.82    0.058505    0.058505
   117   1166.39 -10816.97    0.056005    0.056005
   118   1115.68 -11100.17    0.053513    0.053513
   119   1064.96 -11396.55    0.051029    0.051029
   120   1014.25 -11707.39    0.048552    0.048552
   121    963.54 -12034.18    0.046082    0.046082
   122    912.83 -12378.64    0.043619    0.043619
   123    862.11 -12742.80    0.041162    0.041162
   124    811.40 -13129.04    0.038710    0.038710
   125    760.69 -13540.21    0.036265    0.036265
   126    709.98 -13979.77    0.033824    0.033824
   127    659.26 -14451.91    0.031388    0.031388
   128    608.55 -14961.86    0.028957    0.028957
   129    557.84 -15516.21    0.026529    0.026529
   130    507.13 -16123.43    0.024106    0.024106
   131    456.41 -16794.68    0.021686    0.021686
   132    405.70 -17545.07    0.019268    0.019268
   133    354.99 -18395.80    0.016854    0.016854
   134    304.28 -19377.89    0.014442    0.014442
   135    253.56 -20539.46    0.012032    0.012032
   136    202.85 -21961.10    0.009623    0.009623
   137    152.14 -23793.91    0.007216    0.007216
   138    101.43 -26377.10    0.004810    0.004810
   139     50.71 -30793.08    0.002405    0.002405
   140      0.00 -99816.16    0.000000    0.000000

 delx =    200.00    200.00
 dpmax -    0.010000    0.010000
 drmax =     75.00     75.00
 duplicate critical value eliminated:  0.4095291    
 duplicate critical value eliminated:  0.7326030    
 duplicate critical value eliminated:  0.3914755    
 duplicate critical value eliminated:  0.2676586    
 duplicate critical value eliminated:  0.4765588    
 duplicate critical value eliminated:  0.1402237    
 duplicate critical value eliminated:  0.2636037    

 critical points
     1    1.000000
     2    0.996861
     3    0.893187
     4    0.891078
     5    0.747548
     6    0.732603
     7    0.719178
     8    0.718541
     9    0.645539
    10    0.620072
    11    0.579310
    12    0.577492
    13    0.537845
    14    0.515300
    15    0.514083
    16    0.506204
    17    0.476559
    18    0.415615
    19    0.409529
    20    0.391475
    21    0.348148
    22    0.335872
    23    0.295287
    24    0.279140
    25    0.267659
    26    0.263604
    27    0.251506
    28    0.229295
    29    0.140224
    30    0.134132
    31    0.062575
    32    0.058505
          i   11    0.579310    0.577492
 first     1  0.579310  0.000000  6371.00
 sol       2  0.579238  0.031694  6370.20    1  0.000073   201.92     0.80
 sol       3  0.579019  0.063387  6367.80    1  0.000218   201.92     2.40
 sol       4  0.578656  0.095084  6363.80    1  0.000364   201.94     4.00
 sol       5  0.578146  0.126788  6358.20    1  0.000509   201.98     5.60
 end       6  0.577492  0.158512  6351.00    1  0.000655   202.12     7.20
          i   12    0.577492    0.537845
 sol       7  0.577420  0.130007  6351.00    2  0.000072  -181.61     0.00
 sol       8  0.577108  0.101520  6351.00    2  0.000312  -181.49     0.00
 sol       9  0.576167  0.072944  6351.00    2  0.000941  -182.06     0.00
 sol      10  0.572655  0.044421  6351.00    2  0.003512  -181.72     0.00
  dpmax   11  0.563953  0.027617  6351.00    2  0.008703  -107.06     0.00
  dpmax   12  0.555250  0.021557  6351.00    2  0.008703   -38.61     0.00
  dpmax   13  0.546547  0.018157  6351.00    2  0.008703   -21.66     0.00
 end      14  0.537845  0.015897  6351.00    2  0.008703   -14.40     0.00
          i   13    0.537845    0.515300
  dpmax   15  0.530330  0.014446  6351.00    2  0.007515    -9.24     0.00
  dpmax   16  0.522815  0.013288  6351.00    2  0.007515    -7.37     0.00
 end      17  0.515300  0.012335  6351.00    2  0.007515    -6.07     0.00
          i   14    0.515300    0.514083
 sol      18  0.515252  0.039806  6350.40    3  0.000049   175.02     0.60
 sol      19  0.515106  0.067300  6348.60    3  0.000146   175.16     1.80
 sol      20  0.514862  0.094767  6345.60    3  0.000243   175.00     3.00
 sol      21  0.514521  0.122234  6341.40    3  0.000341   174.99     4.20
 end      22  0.514083  0.149678  6336.00    3  0.000438   174.84     5.40
          i   15    0.514083    0.506204
 sol      23  0.514019  0.121547  6336.00    4  0.000065  -179.22     0.00
 sol      24  0.513716  0.093394  6336.00    4  0.000303  -179.36     0.00
 sol      25  0.512626  0.065254  6336.00    4  0.001090  -179.28     0.00
 end      26  0.506204  0.037110  6336.00    4  0.006422  -179.30     0.00
          i   16    0.506204    0.476559
  dpmax   27  0.496323  0.027734  6336.00    4  0.009882   -59.73     0.00
  dpmax   28  0.486441  0.023455  6336.00    4  0.009882   -27.26     0.00
 end      29  0.476559  0.020735  6336.00    4  0.009882   -17.33     0.00
          i   17    0.476559    0.415615
  dpmax   30  0.467853  0.018964  6336.00    4  0.008706   -11.28     0.00
  dpmax   31  0.459146  0.017544  6336.00    4  0.008706    -9.05     0.00
  dpmax   32  0.450440  0.016361  6336.00    4  0.008706    -7.54     0.00
  dpmax   33  0.441734  0.015348  6336.00    4  0.008706    -6.46     0.00
  dpmax   34  0.433027  0.014462  6336.00    4  0.008706    -5.64     0.00
  dpmax   35  0.424321  0.013677  6336.00    4  0.008706    -5.00     0.00
 end      36  0.415615  0.012971  6336.00    4  0.008706    -4.50     0.00
          i   18    0.415615    0.409529
 sol      37  0.415554  0.044320  6335.15    5  0.000061   199.72     0.85
 sol      38  0.415371  0.075616  6332.60    5  0.000183   199.39     2.55
 sol      39  0.415067  0.106937  6328.36    5  0.000304   199.54     4.25
 sol      40  0.414641  0.138244  6322.41    5  0.000426   199.46     5.95
 sol      41  0.414093  0.169559  6314.76    5  0.000548   199.51     7.65
 sol      42  0.413424  0.200876  6305.42    5  0.000669   199.52     9.35
 sol      43  0.412633  0.232200  6294.37    5  0.000791   199.56    11.05
 sol      44  0.411720  0.263583  6281.62    6  0.000913   199.95    12.75
 sol      45  0.410685  0.294940  6267.16    6  0.001035   199.77    14.46
 end      46  0.409529  0.326313  6251.00    6  0.001156   199.88    16.16
          i   19    0.409529    0.391475
          caustic
 sol      47  0.409410  0.300564  6250.42    8  0.000119  -164.05     0.58
 sol      48  0.408866  0.275054  6247.77    8  0.000544  -162.53     2.65
 end      49  0.405016  0.249405  6226.85    8  0.003850  -163.41    20.92
  dpmax   50  0.398246  0.263396  6195.34    9  0.006770    89.13    31.51
 end      51  0.391475  0.285098  6161.00    9  0.006770   138.26    34.34
          i   20    0.391475    0.348148
          caustic
 end      52  0.390272  0.280925  6154.54   11  0.001204   -26.58     6.46
 sol      53  0.373667  0.311781  6082.71   12  0.016605   196.58    71.82
  dpmax   53  0.381847  0.293032  6119.33   11  0.008425    77.13    35.21
 sol      54  0.370067  0.319832  6066.34   12  0.011781   170.74    52.99
  dpmax   54  0.373422  0.312331  6081.60   12  0.008425   122.95    37.72
 sol      55  0.360670  0.342881  6022.24   13  0.012753   194.63    59.37
  dpmax   55  0.364998  0.332726  6042.70   13  0.008425   129.93    38.90
 sol      56  0.356684  0.353058  6003.07   14  0.008314   129.54    39.63
 end      57  0.348148  0.373445  5961.00   14  0.008536   129.89    42.07
          i   21    0.348148    0.335872
 sol      58  0.347579  0.341530  5961.00   15  0.000569  -203.33     0.00
 sol      59  0.345659  0.309588  5961.00   15  0.001920  -203.51     0.00
 sol      60  0.341965  0.277649  5961.00   15  0.003694  -203.48     0.00
 end      61  0.335872  0.245713  5961.00   15  0.006093  -203.46     0.00
          i   22    0.335872    0.295287
 sol      62  0.335448  0.276265  5958.58   16  0.000424   194.65     2.42
 sol      63  0.333946  0.306878  5949.99   16  0.001502   195.03     8.59
 sol      64  0.330964  0.337474  5932.86   16  0.002982   194.93    17.13
 sol      65  0.326301  0.368058  5905.78   17  0.004662   194.85    27.08
 sol      66  0.319967  0.398655  5868.04   17  0.006335   194.93    37.74
 sol      67  0.312519  0.429236  5822.35   18  0.007448   194.83    45.69
 sol      68  0.304197  0.459787  5769.60   19  0.008321   194.64    52.75
 end      69  0.295287  0.490414  5711.00   19  0.008910   195.13    58.60
          i   23    0.295287    0.279140
 sol      70  0.294983  0.460129  5711.00   21  0.000304  -192.95     0.00
 sol      71  0.293985  0.429813  5711.00   21  0.000998  -193.14     0.00
 sol      72  0.292137  0.399501  5711.00   21  0.001848  -193.12     0.00
 sol      73  0.289235  0.369192  5711.00   21  0.002903  -193.10     0.00
 sol      74  0.285014  0.338883  5711.00   21  0.004221  -193.10     0.00
 end      75  0.279140  0.308576  5711.00   21  0.005874  -193.09     0.00
          i   24    0.279140    0.267659
 sol      76  0.278966  0.337322  5709.51   22  0.000174   183.14     1.49
 sol      77  0.278404  0.366086  5704.70   22  0.000562   183.26     4.81
 sol      78  0.277387  0.394849  5695.98   22  0.001018   183.24     8.73
 sol      79  0.275840  0.423605  5682.67   22  0.001547   183.20    13.30
 sol      80  0.273690  0.452378  5664.12   22  0.002149   183.32    18.55
 sol      81  0.271027  0.481124  5640.77   23  0.002663   183.14    23.35
 end      82  0.267659  0.509881  5611.00   23  0.003369   183.21    29.77
          i   25    0.267659    0.263604
 sol      83  0.266208  0.542434  5594.95   25  0.001451   207.39    16.05
 end      84  0.263604  0.574963  5566.02   25  0.002604   207.24    28.93
          i   26    0.263604    0.251506
 sol      85  0.260974  0.604514  5536.18   26  0.002630   188.27    29.83
 sol      86  0.258026  0.634051  5502.30   27  0.002948   188.18    33.89
 sol      87  0.254765  0.663606  5464.11   27  0.003261   188.30    38.19
 end      88  0.251506  0.693170  5425.04   27  0.003259   188.35    39.07
          i   27    0.251506    0.229295
 sol      89  0.248008  0.723546  5382.31   29  0.003498   193.52    42.73
 sol      90  0.244363  0.754244  5336.83   30  0.003645   195.58    45.48
 sol      91  0.240662  0.784767  5289.63   31  0.003702   194.46    47.20
 sol      92  0.236911  0.815246  5240.75   32  0.003751   194.18    48.88
 sol      93  0.233115  0.845778  5190.19   33  0.003796   194.52    50.56
 end      94  0.229295  0.876289  5138.20   33  0.003820   194.38    52.00
          i   28    0.229295    0.140224
 sol      95  0.225346  0.907629  5083.27   35  0.003949   199.67    54.93
 sol      96  0.221404  0.938795  5027.24   36  0.003942   198.56    56.02
 sol      97  0.217440  0.970027  4969.71   37  0.003964   198.98    57.53
 sol      98  0.213578  1.001320  4912.43   39  0.003862   199.37    57.28
 sol      99  0.209659  1.032617  4853.13   40  0.003919   199.40    59.30
 sol     100  0.205719  1.063845  4792.36   41  0.003940   198.95    60.77
 sol     101  0.201752  1.095115  4730.02   42  0.003967   199.22    62.34
 sol     102  0.197840  1.126379  4667.40   44  0.003912   199.19    62.62
 sol     103  0.193930  1.157640  4603.65   45  0.003910   199.16    63.76
 sol     104  0.189978  1.188781  4538.12   46  0.003953   198.40    65.53
 sol     105  0.185989  1.220221  4470.92   48  0.003989   200.30    67.20
 sol     106  0.182058  1.251423  4403.59   49  0.003930   198.79    67.34
 sol     107  0.178037  1.282675  4333.68   50  0.004022   199.11    69.90
 sol     108  0.174050  1.313937  4263.35   52  0.003987   199.17    70.33
 sol     109  0.169974  1.345289  4190.43   53  0.004076   199.74    72.92
 sol     110  0.165913  1.376473  4116.83   55  0.004061   198.67    73.60
 sol     111  0.161772  1.407712  4040.80   56  0.004141   199.03    76.03
  drmax  111  0.162243  1.404240  4049.48   56  0.003670   176.91    67.34
 sol     112  0.157977  1.436197  3970.31   58  0.004266   203.60    79.18
  drmax  112  0.158573  1.431577  3981.43   57  0.003670   174.16    68.05
 sol     113  0.155025  1.458068  3914.95   59  0.003548   168.78    66.49
 sol     114  0.151398  1.484567  3846.32   60  0.003627   168.82    68.62
 sol     115  0.147714  1.511187  3775.98   62  0.003684   169.60    70.35
 sol     116  0.144014  1.537549  3704.67   63  0.003700   167.95    71.30
 end     117  0.140224  1.564036  3631.00   63  0.003790   168.75    73.67
          i   29    0.140224    0.134132
 sol     118  0.139838  1.594710  3621.59   66  0.000385   195.42     9.41
 sol     119  0.138888  1.625383  3598.38   66  0.000951   195.41    23.21
 sol     120  0.137561  1.656037  3565.96   67  0.001327   195.30    32.43
 sol     121  0.135955  1.686716  3526.67   68  0.001606   195.46    39.29
 end     122  0.134132  1.717373  3482.00   68  0.001823   195.32    44.67
          i   30    0.134132    0.062575
          caustic
 sol     123  0.134113  3.056907  2415.34   91  0.000019  8534.17     0.27
 sol     124  0.134052  3.025509  2414.47   91  0.000060  -200.04     0.86
 sol     125  0.133946  2.994084  2412.95   91  0.000106  -200.21     1.52
 sol     126  0.133788  2.962675  2410.70   91  0.000158  -200.11     2.26
 sol     127  0.133573  2.931298  2407.61   91  0.000215  -199.90     3.08
 sol     128  0.133291  2.899861  2403.58   91  0.000282  -200.29     4.03
 sol     129  0.132935  2.868457  2398.48   91  0.000356  -200.08     5.10
 sol     130  0.132494  2.837104  2392.16   91  0.000441  -199.75     6.32
 sol     131  0.131953  2.805679  2384.40   91  0.000541  -200.21     7.76
 sol     132  0.131299  2.774323  2375.00   91  0.000654  -199.77     9.40
 sol     133  0.130446  2.742853  2362.60   92  0.000852  -200.50    12.40
 sol     134  0.129447  2.711427  2348.04   92  0.000999  -200.22    14.56
 sol     135  0.128243  2.680007  2330.47   92  0.001204  -200.18    17.58
 sol     136  0.126650  2.648591  2306.96   93  0.001593  -200.15    23.51
 sol     137  0.124722  2.617044  2278.35   93  0.001928  -200.98    28.61
 sol     138  0.122020  2.585772  2237.71   94  0.002701  -199.24    40.64
 sol     139  0.118097  2.554424  2177.84   95  0.003923  -199.72    59.88
  dpmax  140  0.111727  2.528950  2078.18   97  0.006370  -162.30    99.66
  drmax  140  0.113850  2.535753  2111.70   97  0.004247  -118.96    66.13
  drmax  141  0.109604  2.525908  2044.27   98  0.004247   -62.72    67.43
 end     142  0.105357  2.522957  1975.60   98  0.004247   -18.80    68.67
 sol     143  0.090789  2.554762  1730.22  104  0.014568   202.63   245.38
  dpmax  143  0.096801  2.535883  1833.24  102  0.008556    82.35   142.36
  drmax  143  0.101079  2.527766  1905.04  101  0.004278    30.64    70.56
 sol     144  0.089859  2.558787  1714.07  105  0.011220   197.63   190.97
  dpmax  144  0.091453  2.552749  1741.70  104  0.009626   159.17   163.34
  drmax  144  0.096801  2.535883  1833.24  102  0.004278    51.71    71.80
 sol     145  0.088114  2.565533  1683.61  105  0.008686   188.90   149.63
  drmax  145  0.092523  2.549178  1760.18  104  0.004278    84.70    73.06
 sol     146  0.085648  2.576601  1640.21  106  0.006874   174.71   119.97
  drmax  146  0.088244  2.565076  1685.88  105  0.004278   101.29    74.30
 sol     147  0.081745  2.594821  1570.80  107  0.006499   189.50   115.08
  drmax  147  0.084577  2.580816  1621.29  106  0.003667   100.28    64.59
 sol     148  0.079444  2.607414  1529.38  108  0.005134   169.45    91.91
  drmax  148  0.080910  2.600148  1555.79  108  0.003667   123.16    65.50
 sol     149  0.075756  2.628697  1462.43  110  0.005154   181.89    93.36
  drmax  149  0.077243  2.620027  1489.51  109  0.003667   126.65    66.29
 sol     150  0.072049  2.651266  1394.30  111  0.005195   199.02    95.21
  drmax  150  0.073576  2.641101  1422.48  110  0.003667   134.26    67.03
 sol     151  0.069851  2.665343  1353.58  112  0.003726   154.45    68.90
 sol     152  0.066163  2.689532  1284.71  113  0.003687   154.11    68.87
 end     153  0.062575  2.713807  1217.10  113  0.003588   154.65    67.61
          i   31    0.062575    0.058505
 sol     154  0.062568  2.682920  1217.10  115  0.000008  -196.78     0.00
 sol     155  0.062544  2.652009  1217.10  115  0.000024  -196.94     0.00
 sol     156  0.062503  2.621113  1217.10  115  0.000040  -196.84     0.00
 sol     157  0.062447  2.590212  1217.10  115  0.000056  -196.87     0.00
 sol     158  0.062374  2.559312  1217.10  115  0.000073  -196.87     0.00
 sol     159  0.062285  2.528414  1217.10  115  0.000089  -196.85     0.00
 sol     160  0.062179  2.497514  1217.10  115  0.000106  -196.87     0.00
 sol     161  0.062056  2.466616  1217.10  115  0.000123  -196.85     0.00
 sol     162  0.061916  2.435718  1217.10  115  0.000140  -196.85     0.00
 sol     163  0.061759  2.404819  1217.10  115  0.000157  -196.86     0.00
 sol     164  0.061585  2.373920  1217.10  115  0.000174  -196.86     0.00
 sol     165  0.061393  2.343021  1217.10  115  0.000192  -196.86     0.00
 sol     166  0.061183  2.311977  1217.10  115  0.000210  -197.78     0.00
 sol     167  0.060957  2.281095  1217.10  115  0.000226  -196.75     0.00
 sol     168  0.060713  2.250213  1217.10  115  0.000244  -196.74     0.00
 sol     169  0.060451  2.219330  1217.10  115  0.000262  -196.76     0.00
 sol     170  0.060171  2.188447  1217.10  115  0.000279  -196.75     0.00
 sol     171  0.059874  2.157564  1217.10  115  0.000297  -196.76     0.00
 sol     172  0.059559  2.126682  1217.10  115  0.000315  -196.75     0.00
 sol     173  0.059226  2.095798  1217.10  115  0.000333  -196.76     0.00
 sol     174  0.058874  2.064916  1217.10  115  0.000351  -196.75     0.00
 end     175  0.058505  2.034033  1217.10  115  0.000369  -196.75     0.00
          i   32    0.058505    0.000000
 sol     176  0.058498  2.064792  1216.95  116  0.000008   195.96     0.15
 sol     177  0.058474  2.095496  1216.46  116  0.000024   195.62     0.49
 sol     178  0.058431  2.126278  1215.59  116  0.000043   196.11     0.87
 sol     179  0.058367  2.157068  1214.29  116  0.000064   196.16     1.31
 sol     180  0.058277  2.187843  1212.47  116  0.000089   196.07     1.81
 sol     181  0.058159  2.218615  1210.07  116  0.000119   196.05     2.40
 sol     182  0.058006  2.249380  1206.97  116  0.000153   196.00     3.10
 sol     183  0.057811  2.280159  1203.03  116  0.000194   196.10     3.94
 sol     184  0.057568  2.310914  1198.10  116  0.000243   195.94     4.93
 sol     185  0.057265  2.341686  1191.95  116  0.000303   196.05     6.14
 sol     186  0.056889  2.372553  1184.32  116  0.000376   196.65     7.63
 sol     187  0.056428  2.403216  1174.97  116  0.000461   195.35     9.36
 sol     188  0.055865  2.433978  1163.54  117  0.000563   195.98    11.43
 sol     189  0.055179  2.464750  1149.57  117  0.000686   196.05    13.96
 sol     190  0.054338  2.495513  1132.47  117  0.000840   196.00    17.10
 sol     191  0.053330  2.526273  1111.93  118  0.001008   195.97    20.54
 sol     192  0.052128  2.557045  1087.41  118  0.001202   196.04    24.53
 sol     193  0.050713  2.587818  1058.49  119  0.001416   196.06    28.92
 sol     194  0.049055  2.618729  1024.55  119  0.001658   196.93    33.94
 sol     195  0.047204  2.649343   986.56  120  0.001852   195.05    37.99
 sol     196  0.045117  2.680108   943.68  121  0.002086   196.00    42.88
 sol     197  0.042823  2.710875   896.40  122  0.002294   196.02    47.28
 sol     198  0.040339  2.741676   845.10  123  0.002484   196.23    51.30
 sol     199  0.037698  2.772408   790.41  124  0.002641   195.80    54.69
 sol     200  0.034904  2.803274   732.42  125  0.002794   196.65    57.99
 sol     201  0.032013  2.833893   672.27  126  0.002891   195.07    60.15
 sol     202  0.029003  2.864696   609.52  127  0.003009   196.25    62.75
 sol     203  0.025956  2.895492   545.84  129  0.003048   196.20    63.69
 sol     204  0.022824  2.926227   480.27  130  0.003132   195.81    65.56
 sol     205  0.019639  2.956903   413.48  131  0.003185   195.44    66.79
 sol     206  0.016414  2.987838   345.75  133  0.003225   197.09    67.73
 sol     207  0.013158  3.018641   277.26  134  0.003257   196.25    68.49
 sol     208  0.009892  3.049236   208.51  135  0.003266   194.92    68.75
 sol     209  0.006607  3.080068   139.30  137  0.003285   196.43    69.21
 sol     210  0.003305  3.110831    69.68  138  0.003303   195.99    69.62
 end     211  0.000000  3.141593     0.00  138  0.003305   195.98    69.68
          i    1    1.000000    0.996861
 first     1  1.000000  0.000000  6371.00
 sol       2  0.999874  0.031686  6370.20    1  0.000126   201.87     0.80
 sol       3  0.999498  0.063387  6367.80    1  0.000377   201.97     2.40
 sol       4  0.998870  0.095084  6363.80    1  0.000628   201.94     4.00
 sol       5  0.997991  0.126799  6358.20    1  0.000879   202.05     5.60
 end       6  0.996861  0.158517  6351.00    1  0.001130   202.07     7.20
          i    2    0.996861    0.893187
 sol       7  0.996730  0.129342  6351.00    2  0.000131  -185.87     0.00
 sol       8  0.996156  0.100198  6351.00    2  0.000574  -185.68     0.00
 sol       9  0.994384  0.071049  6351.00    2  0.001772  -185.71     0.00
 sol      10  0.987261  0.041792  6351.00    2  0.007123  -186.39     0.00
  dpmax   11  0.977853  0.030516  6351.00    2  0.009407   -71.84     0.00
  dpmax   12  0.968446  0.025086  6351.00    2  0.009407   -34.59     0.00
  dpmax   13  0.959039  0.021723  6351.00    2  0.009407   -21.43     0.00
  dpmax   14  0.949631  0.019371  6351.00    2  0.009407   -14.99     0.00
  dpmax   15  0.940224  0.017603  6351.00    2  0.009407   -11.26     0.00
  dpmax   16  0.930817  0.016208  6351.00    2  0.009407    -8.89     0.00
  dpmax   17  0.921409  0.015069  6351.00    2  0.009407    -7.26     0.00
  dpmax   18  0.912002  0.014114  6351.00    2  0.009407    -6.08     0.00
  dpmax   19  0.902595  0.013298  6351.00    2  0.009407    -5.20     0.00
 end      20  0.893187  0.012589  6351.00    2  0.009407    -4.52     0.00
          i    3    0.893187    0.891078
 sol      21  0.893103  0.040059  6350.40    3  0.000084   175.01     0.60
 sol      22  0.892850  0.067553  6348.60    3  0.000253   175.16     1.80
 sol      23  0.892428  0.095021  6345.60    3  0.000422   175.00     3.00
 sol      24  0.891837  0.122483  6341.40    3  0.000591   174.96     4.20
 end      25  0.891078  0.149926  6336.00    3  0.000759   174.84     5.40
          i    4    0.891078    0.747548
 sol      26  0.890976  0.122941  6336.00    4  0.000102  -171.92     0.00
 sol      27  0.890505  0.095717  6336.00    4  0.000471  -173.44     0.00
 sol      28  0.888912  0.068590  6336.00    4  0.001593  -172.82     0.00
 sol      29  0.881014  0.041502  6336.00    4  0.007898  -172.58     0.00
  dpmax   30  0.871480  0.032851  6336.00    4  0.009533   -55.11     0.00
  dpmax   31  0.861947  0.028475  6336.00    4  0.009533   -27.88     0.00
  dpmax   32  0.852414  0.025627  6336.00    4  0.009533   -18.14     0.00
  dpmax   33  0.842881  0.023541  6336.00    4  0.009533   -13.29     0.00
  dpmax   34  0.833347  0.021905  6336.00    4  0.009533   -10.43     0.00
  dpmax   35  0.823814  0.020563  6336.00    4  0.009533    -8.55     0.00
  dpmax   36  0.814281  0.019429  6336.00    4  0.009533    -7.23     0.00
  dpmax   37  0.804748  0.018447  6336.00    4  0.009533    -6.26     0.00
  dpmax   38  0.795214  0.017583  6336.00    4  0.009533    -5.50     0.00
  dpmax   39  0.785681  0.016812  6336.00    4  0.009533    -4.91     0.00
  dpmax   40  0.776148  0.016116  6336.00    4  0.009533    -4.43     0.00
  dpmax   41  0.766615  0.015482  6336.00    4  0.009533    -4.04     0.00
  dpmax   42  0.757081  0.014901  6336.00    4  0.009533    -3.70     0.00
 end      43  0.747548  0.014364  6336.00    4  0.009533    -3.42     0.00
          i    5    0.747548    0.732603
 sol      44  0.747364  0.044040  6334.96    5  0.000185   189.07     1.04
 sol      45  0.746810  0.073669  6331.82    5  0.000553   188.77     3.13
 sol      46  0.745880  0.103507  6326.56    5  0.000930   190.09     5.27
 sol      47  0.744582  0.133210  6319.20    5  0.001298   189.24     7.35
 sol      48  0.742912  0.162915  6309.74    5  0.001670   189.25     9.46
 sol      49  0.740872  0.192618  6298.16    5  0.002040   189.24    11.58
 sol      50  0.738487  0.222298  6284.59    6  0.002384   189.09    13.57
 sol      51  0.735740  0.251895  6268.92    6  0.002748   188.56    15.67
 end      52  0.732603  0.281696  6251.00    6  0.003137   189.87    17.92
          i    6    0.732603    0.719178
 sol      53  0.730997  0.310769  6240.26    8  0.001606   185.22    10.74
 sol      54  0.728544  0.339828  6223.85    8  0.002453   185.13    16.41
 sol      55  0.725714  0.368892  6204.91    9  0.002829   185.17    18.94
 sol      56  0.722592  0.397970  6183.94    9  0.003122   185.25    20.97
 end      57  0.719178  0.427036  6161.00    9  0.003414   185.18    22.94
          i    7    0.719178    0.718541
 sol      58  0.719032  0.396570  6161.00   10  0.000146  -194.10     0.00
 end      59  0.718541  0.366101  6161.00   10  0.000491  -194.11     0.00
          i    8    0.718541    0.645539
  dpmax   60  0.709415  0.336724  6137.46   11  0.009125  -187.16    23.54
 sol      61  0.668216  0.367471  6026.25   13  0.041200   195.89   111.21
  dpmax   61  0.700290  0.334219  6113.70   11  0.009125   -15.96    23.76
 sol      62  0.718541  0.366101  6161.00   11 -0.018250   203.12   -47.30
  dpmax   62  0.691165  0.341106  6089.33   12  0.009125    43.88    24.38
 sol      63  0.666345  0.369789  6021.00   13  0.024821   182.74    68.33
  dpmax   63  0.682040  0.349961  6064.67   12  0.009125    56.42    24.65
 sol      64  0.662949  0.374001  6011.44   13  0.019091   153.16    53.23
  dpmax   64  0.672915  0.361649  6039.39   13  0.009125    74.46    25.28
  dpmax   65  0.663790  0.372957  6013.81   13  0.009125    72.04    25.59
  dpmax   66  0.654665  0.386072  5987.56   14  0.009125    83.56    26.25
 end      67  0.645539  0.398167  5961.00   14  0.009125    77.06    26.56
          i    9    0.645539    0.620072
 sol      68  0.644807  0.368955  5961.00   15  0.000732  -186.11     0.00
 sol      69  0.642395  0.339720  5961.00   15  0.002412  -186.26     0.00
 sol      70  0.637893  0.310488  5961.00   15  0.004502  -186.23     0.00
 sol      71  0.630727  0.281257  5961.00   15  0.007166  -186.23     0.00
  dpmax   72  0.625399  0.265274  5961.00   15  0.005328  -101.83     0.00
 end      73  0.620072  0.252028  5961.00   15  0.005328   -84.39     0.00
          i   10    0.620072    0.579310
 sol      74  0.619069  0.282680  5958.21   16  0.001003   195.28     2.79
 sol      75  0.615328  0.313462  5947.77   16  0.003741   196.11    10.44
 sol      76  0.607466  0.344210  5925.68   16  0.007862   195.90    22.09
 sol      77  0.595271  0.374941  5890.60   17  0.012195   195.79    35.08
  dpmax   77  0.598081  0.368786  5898.80   17  0.009385   156.58    26.88
  dpmax   78  0.588696  0.387849  5871.31   17  0.009385   121.45    27.49
 end      79  0.579310  0.405668  5843.16   17  0.009385   113.53    28.15
          i   11    0.579310    0.577492
 end      80  0.577492  0.408815  5837.63   18  0.001819    20.05     5.53
          i   12    0.577492    0.537845
 sol      81  0.558288  0.440714  5777.81   19  0.019204   203.23    59.82
  dpmax   81  0.567580  0.425533  5807.19   19  0.009912   106.51    30.44
 sol      82  0.552879  0.449068  5760.54   20  0.014701   149.94    46.65
  dpmax   82  0.557668  0.441660  5775.83   19  0.009912   102.75    31.35
  dpmax   83  0.547756  0.457808  5743.77   20  0.009912   102.88    32.07
 end      84  0.537845  0.472567  5711.00   20  0.009912    94.03    32.77
          i   13    0.537845    0.515300
 sol      85  0.537175  0.442240  5711.00   21  0.000670  -193.21     0.00
 sol      86  0.534977  0.411895  5711.00   21  0.002198  -193.33     0.00
 sol      87  0.530911  0.381553  5711.00   21  0.004066  -193.31     0.00
 sol      88  0.524538  0.351211  5711.00   21  0.006373  -193.30     0.00
 end      89  0.515300  0.320872  5711.00   21  0.009238  -193.30     0.00
          i   14    0.515300    0.514083
 end      90  0.514083  0.317541  5711.00   21  0.001217   -21.22     0.00
          i   15    0.514083    0.506204
 end      91  0.506204  0.298401  5711.00   22  0.007879  -121.94     0.00
          i   16    0.506204    0.476559
 sol      92  0.505436  0.328646  5708.49   22  0.000769   192.69     2.51
 sol      93  0.502723  0.358975  5699.60   22  0.002713   193.23     8.89
 sol      94  0.497292  0.389280  5681.70   22  0.005430   193.08    17.90
 sol      95  0.488710  0.419575  5652.95   23  0.008582   193.01    28.74
  dpmax   96  0.482635  0.436021  5632.07   23  0.006076   104.78    20.88
 end      97  0.476559  0.449875  5611.00   23  0.006076    88.26    21.07
          i   17    0.476559    0.415615
 sol      98  0.475981  0.480355  5606.97   25  0.000577   194.19     4.03
 sol      99  0.474409  0.510827  5595.98   25  0.001572   194.14    10.99
 sol     100  0.472013  0.541306  5579.20   25  0.002396   194.18    16.78
 sol     101  0.469011  0.571787  5558.07   26  0.003002   194.19    21.13
 sol     102  0.465517  0.602256  5533.04   26  0.003494   194.12    25.03
 sol     103  0.461596  0.632731  5504.74   27  0.003921   194.16    28.30
 sol     104  0.457244  0.663201  5472.81   27  0.004352   194.12    31.93
 sol     105  0.452731  0.693688  5439.19   28  0.004513   194.23    33.62
 sol     106  0.447902  0.724191  5402.74   29  0.004829   194.33    36.46
 sol     107  0.442751  0.754610  5363.23   30  0.005152   193.80    39.51
 sol     108  0.437555  0.785151  5322.60   30  0.005196   194.57    40.63
 sol     109  0.432255  0.815589  5280.49   31  0.005300   193.92    42.11
 sol     110  0.426808  0.846083  5236.51   32  0.005447   194.28    43.99
 sol     111  0.421234  0.876663  5190.74   33  0.005573   194.82    45.76
 end     112  0.415615  0.907020  5143.82   33  0.005620   193.40    46.92
          i   18    0.415615    0.409529
 end     113  0.409529  0.939414  5092.12   35  0.006086   206.39    51.69
          i   19    0.409529    0.391475
 sol     114  0.403567  0.970825  5040.60   36  0.005962   200.12    51.52
 sol     115  0.397546  1.002238  4987.70   37  0.006021   200.13    52.90
 end     116  0.391475  1.033623  4933.48   37  0.006071   199.95    54.21
          i   20    0.391475    0.348148
 sol     117  0.385401  1.064767  4878.38   39  0.006074   198.42    55.10
 sol     118  0.379278  1.095905  4821.98   40  0.006124   198.38    56.40
 sol     119  0.373203  1.127187  4765.16   42  0.006075   199.30    56.81
 sol     120  0.367069  1.158269  4706.97   43  0.006134   198.02    58.20
 sol     121  0.360838  1.189427  4647.06   44  0.006230   198.51    59.91
 sol     122  0.354530  1.220592  4585.60   45  0.006309   198.55    61.45
 end     123  0.348148  1.251747  4522.67   45  0.006381   198.49    62.93
          i   21    0.348148    0.335872
 sol     124  0.342060  1.281855  4461.87   48  0.006088   191.82    60.80
 end     125  0.335872  1.311674  4399.40   48  0.006188   189.98    62.47
          i   22    0.335872    0.295287
 sol     126  0.329362  1.342524  4333.00   50  0.006511   196.54    66.40
 sol     127  0.322758  1.373757  4264.95   52  0.006604   198.99    68.05
 sol     128  0.316072  1.404681  4195.38   53  0.006686   197.02    69.57
 sol     129  0.309272  1.435620  4124.00   55  0.006800   197.11    71.38
 sol     130  0.302359  1.466630  4050.80   56  0.006913   197.56    73.20
  drmax  131  0.295287  1.497618  3975.34   58  0.007072   197.42    75.46
 end     131  0.295287  1.497618  3975.34   58  0.007072   197.42    75.46
          i   23    0.295287    0.279140
 sol     132  0.287314  1.531833  3889.58   59  0.007973   217.98    85.76
  drmax  132  0.289905  1.520856  3917.52   59  0.005382   148.05    57.82
 sol     133  0.284570  1.543453  3859.92   60  0.005335   143.97    57.60
 end     134  0.279140  1.566045  3801.01   60  0.005430   143.93    58.92
          i   24    0.279140    0.267659
 sol     135  0.273428  1.589371  3738.75   62  0.005712   148.61    62.26
 end     136  0.267659  1.612496  3675.57   62  0.005770   147.33    63.18
          i   25    0.267659    0.263604
 end     137  0.263604  1.628485  3631.00   65  0.004055   101.87    44.57
          i   26    0.263604    0.251506
 sol     138  0.262052  1.654362  3611.96   66  0.001552   164.86    19.04
 sol     139  0.259072  1.680208  3575.35   67  0.002980   164.66    36.61
 sol     140  0.255469  1.706058  3530.97   68  0.003603   164.69    44.38
 end     141  0.251506  1.731947  3482.00   68  0.003963   164.94    48.97
          i   27    0.251506    0.229295
 sol     142  0.251466  1.700261  3482.00   69  0.000040  -201.88     0.00
 sol     143  0.251343  1.668576  3482.00   69  0.000123  -201.86     0.00
 sol     144  0.251133  1.636893  3482.00   69  0.000210  -201.86     0.00
 sol     145  0.250831  1.605208  3482.00   69  0.000301  -201.86     0.00
 sol     146  0.250434  1.573521  3482.00   69  0.000397  -201.88     0.00
 sol     147  0.249936  1.541835  3482.00   69  0.000498  -201.87     0.00
 sol     148  0.249332  1.510151  3482.00   69  0.000604  -201.86     0.00
 sol     149  0.248617  1.478465  3482.00   69  0.000715  -201.87     0.00
 sol     150  0.247787  1.446779  3482.00   69  0.000831  -201.87     0.00
 sol     151  0.246834  1.415094  3482.00   69  0.000953  -201.87     0.00
 sol     152  0.245754  1.383409  3482.00   69  0.001080  -201.87     0.00
 sol     153  0.244541  1.351723  3482.00   69  0.001213  -201.87     0.00
 sol     154  0.243188  1.320038  3482.00   69  0.001352  -201.86     0.00
 sol     155  0.241691  1.288352  3482.00   69  0.001498  -201.87     0.00
 sol     156  0.240041  1.256667  3482.00   69  0.001649  -201.86     0.00
 sol     157  0.238234  1.224982  3482.00   69  0.001807  -201.87     0.00
 sol     158  0.236263  1.193296  3482.00   69  0.001972  -201.87     0.00
 sol     159  0.234120  1.161611  3482.00   69  0.002143  -201.87     0.00
 sol     160  0.231790  1.129803  3482.00   69  0.002330  -202.65     0.00
 end     161  0.229295  1.098241  3482.00   69  0.002495  -201.08     0.00
          i   28    0.229295    0.140224
 sol     162  0.229207  1.128859  3481.24   70  0.000088   195.07     0.76
 sol     163  0.228915  1.159613  3478.69   70  0.000293   195.94     2.55
 sol     164  0.228363  1.190339  3473.88   70  0.000552   195.76     4.81
 sol     165  0.227473  1.221054  3466.13   70  0.000890   195.68     7.76
 sol     166  0.226131  1.251756  3454.40   70  0.001342   195.60    11.73
 sol     167  0.224164  1.282480  3437.17   70  0.001966   195.74    17.23
 sol     168  0.221637  1.313171  3414.60   71  0.002527   195.53    22.56
 sol     169  0.218008  1.343869  3381.87   71  0.003629   195.58    32.74
 sol     170  0.213737  1.374717  3342.33   72  0.004271   196.54    39.54
 sol     171  0.208708  1.405192  3294.70   73  0.005028   194.15    47.63
 sol     172  0.203042  1.435924  3239.51   74  0.005666   195.80    55.18
 sol     173  0.197089  1.466727  3179.75   76  0.005953   196.24    59.77
 sol     174  0.191350  1.497415  3120.18   77  0.005738   195.52    59.56
 sol     175  0.185489  1.528006  3057.45   78  0.005861   194.90    62.74
 sol     176  0.179634  1.558794  2992.84   79  0.005855   196.15    64.61
 sol     177  0.173947  1.589620  2928.15   81  0.005688   196.39    64.68
 sol     178  0.168790  1.620172  2867.65   82  0.005157   194.65    60.51
 sol     179  0.163589  1.650911  2804.93   83  0.005201   195.84    62.72
 sol     180  0.158516  1.681602  2742.11   84  0.005073   195.53    62.82
 sol     181  0.153591  1.712275  2679.53   85  0.004925   195.41    62.59
 sol     182  0.149069  1.743063  2620.54   87  0.004522   196.15    58.99
 sol     183  0.144602  1.773735  2560.88   88  0.004466   195.41    59.66
 end     184  0.140224  1.804440  2501.06   88  0.004379   195.62    59.82
          i   29    0.140224    0.134132
 sol     185  0.137152  1.826801  2458.29   90  0.003072   142.46    42.77
 end     186  0.134132  1.849078  2415.61   90  0.003020   141.93    42.68
          i   30    0.134132    0.062575
 sol     187  0.130110  1.879675  2357.70   92  0.004022   194.93    57.91
 sol     188  0.126204  1.910066  2300.35   93  0.003906   193.62    57.35
 sol     189  0.122377  1.940554  2243.09   94  0.003827   194.24    57.25
 sol     190  0.118642  1.971039  2186.20   95  0.003735   194.22    56.89
 sol     191  0.114997  2.001497  2129.71   96  0.003645   194.05    56.50
 sol     192  0.111434  2.031977  2073.55   97  0.003563   194.18    56.16
 sol     193  0.108068  2.062492  2019.62   99  0.003366   194.41    53.93
 sol     194  0.104706  2.093117  1964.94  100  0.003362   195.11    54.68
 sol     195  0.101407  2.123616  1910.50  101  0.003299   194.31    54.44
 sol     196  0.098173  2.153987  1856.40  102  0.003234   193.50    54.10
 sol     197  0.094974  2.184543  1802.18  103  0.003199   194.67    54.22
 sol     198  0.091836  2.214993  1748.33  104  0.003138   194.00    53.85
 sol     199  0.088744  2.245477  1694.61  105  0.003092   194.21    53.72
 sol     200  0.085696  2.275970  1641.05  106  0.003048   194.27    53.56
 sol     201  0.082692  2.306444  1587.70  107  0.003004   194.15    53.35
 sol     202  0.079725  2.336949  1534.45  108  0.002967   194.35    53.25
 sol     203  0.076798  2.367414  1481.40  109  0.002928   194.09    53.05
 sol     204  0.073898  2.397929  1428.38  110  0.002900   194.42    53.03
 sol     205  0.071033  2.428400  1375.53  111  0.002865   194.13    52.84
 sol     206  0.068189  2.458926  1322.65  112  0.002844   194.48    52.89
 sol     207  0.065374  2.489408  1269.90  113  0.002816   194.20    52.75
 end     208  0.062575  2.519921  1217.10  113  0.002798   194.40    52.80
          i   31    0.062575    0.058505
 sol     209  0.062567  2.488295  1217.10  115  0.000008  -201.49     0.00
 sol     210  0.062542  2.456658  1217.10  115  0.000025  -201.56     0.00
 sol     211  0.062500  2.425026  1217.10  115  0.000042  -201.53     0.00
 sol     212  0.062440  2.393397  1217.10  115  0.000060  -201.51     0.00
 sol     213  0.062362  2.361766  1217.10  115  0.000077  -201.52     0.00
 sol     214  0.062267  2.330135  1217.10  115  0.000095  -201.52     0.00
 sol     215  0.062153  2.298503  1217.10  115  0.000114  -201.53     0.00
 sol     216  0.062021  2.266871  1217.10  115  0.000132  -201.53     0.00
 sol     217  0.061870  2.235240  1217.10  115  0.000151  -201.52     0.00
 sol     218  0.061700  2.203608  1217.10  115  0.000170  -201.53     0.00
 sol     219  0.061511  2.171978  1217.10  115  0.000189  -201.51     0.00
 sol     220  0.061302  2.140346  1217.10  115  0.000209  -201.53     0.00
 sol     221  0.061074  2.108714  1217.10  115  0.000229  -201.53     0.00
 sol     222  0.060825  2.077084  1217.10  115  0.000249  -201.52     0.00
 sol     223  0.060557  2.045453  1217.10  115  0.000269  -201.52     0.00
 sol     224  0.060266  2.013665  1217.10  115  0.000291  -202.52     0.00
 sol     225  0.059956  1.982061  1217.10  115  0.000310  -201.34     0.00
 sol     226  0.059625  1.950460  1217.10  115  0.000331  -201.33     0.00
 sol     227  0.059273  1.918859  1217.10  115  0.000352  -201.33     0.00
 sol     228  0.058900  1.887262  1217.10  115  0.000373  -201.31     0.00
 end     229  0.058505  1.855667  1217.10  115  0.000395  -201.29     0.00
          i   32    0.058505    0.000000
 sol     230  0.058497  1.887019  1216.94  116  0.000008   199.75     0.16
 sol     231  0.058472  1.918411  1216.43  116  0.000025   199.99     0.51
 sol     232  0.058428  1.949713  1215.54  116  0.000044   199.43     0.90
 sol     233  0.058362  1.981122  1214.19  116  0.000066   200.10     1.35
 sol     234  0.058270  2.012475  1212.33  116  0.000092   199.75     1.86
 sol     235  0.058149  2.043848  1209.87  116  0.000121   199.88     2.46
 sol     236  0.057993  2.075219  1206.70  116  0.000156   199.87     3.16
 sol     237  0.057796  2.106576  1202.72  116  0.000196   199.78     3.98
 sol     238  0.057552  2.137940  1197.76  116  0.000244   199.82     4.96
 sol     239  0.057250  2.169326  1191.65  116  0.000301   199.96     6.11
 sol     240  0.056882  2.200672  1184.19  116  0.000368   199.70     7.46
 sol     241  0.056435  2.232033  1175.12  116  0.000447   199.80     9.07
 sol     242  0.055901  2.263399  1164.26  117  0.000535   199.83    10.86
 sol     243  0.055264  2.294759  1151.31  117  0.000637   199.79    12.95
 sol     244  0.054504  2.326128  1135.85  117  0.000760   199.85    15.46
 sol     245  0.053605  2.357610  1117.55  117  0.000899   200.58    18.30
 sol     246  0.052590  2.388910  1096.83  118  0.001015   199.41    20.72
 sol     247  0.051404  2.420342  1072.62  118  0.001186   200.25    24.21
 sol     248  0.050096  2.451581  1045.86  119  0.001308   199.02    26.76
 sol     249  0.048616  2.482853  1015.55  119  0.001480   199.24    30.31
 sol     250  0.047010  2.514382   982.59  120  0.001606   200.87    32.97
 sol     251  0.045278  2.545675   946.98  121  0.001732   199.37    35.61
 sol     252  0.043411  2.577062   908.54  122  0.001867   199.97    38.44
 sol     253  0.041435  2.608368   867.75  122  0.001976   199.45    40.78
 sol     254  0.039374  2.639760   825.14  123  0.002061   200.00    42.62
 sol     255  0.037218  2.671266   780.47  124  0.002156   200.73    44.67
 sol     256  0.035006  2.702506   734.53  125  0.002213   199.03    45.93
 sol     257  0.032716  2.733900   686.92  126  0.002289   200.01    47.61
 sol     258  0.030376  2.765224   638.16  127  0.002340   199.57    48.76
 sol     259  0.027984  2.796586   588.24  128  0.002392   199.81    49.92
 sol     260  0.025544  2.828046   537.23  129  0.002440   200.43    51.02
 sol     261  0.023081  2.859350   485.65  130  0.002463   199.44    51.58
 sol     262  0.020585  2.890680   433.33  131  0.002495   199.60    52.32
 sol     263  0.018062  2.922039   380.37  132  0.002523   199.79    52.97
 sol     264  0.015518  2.953392   326.91  133  0.002544   199.75    53.46
 sol     265  0.012956  2.984750   273.02  134  0.002562   199.78    53.88
 sol     266  0.010381  3.016104   218.80  135  0.002576   199.76    54.22
 sol     267  0.007794  3.047466   164.31  136  0.002587   199.80    54.49
 sol     268  0.005199  3.078835   109.62  137  0.002595   199.86    54.69
 sol     269  0.002599  3.110209    54.81  138  0.002600   199.88    54.81
 end     270  0.000000  3.141593     0.00  138  0.002599   199.95    54.81
