 nseg nbrn mt ku km len len1          26          86          54         128         200         275          16          25        2400         300

 nph m1 n1 k1           1          54         200          16
 m nph ndex n           2           1           1         243
 k l nrec         200          16           1           1  7.2719311E-05
 m nph ndex n           3           1           2         242
 k l nrec         199          16           2           2  2.9098085E-04
 m nph ndex n           4           1           3         241
 k l nrec         198          16           3           3  6.5468095E-04
 m nph ndex n           5           1           4         240
 k l nrec         197          16           4           4  1.1638888E-03
 m nph ndex n           6           1           5         239
 k l nrec         196          16           5           5  1.8185698E-03
 m nph ndex n           8           1           6         225
 k l nrec         191          13           6           6  1.8672821E-03
 m nph ndex n           9           1           7         224
 k l nrec         190          13           7           7  2.0132954E-03
 m nph ndex n          10           1           8         223
 k l nrec         189          13           8           8  2.2566714E-03
 m nph ndex n          11           1           9         222
 k l nrec         188          13           9           9  2.5974722E-03
 m nph ndex n          12           1          10         221
 k l nrec         187          13          10          10  3.0356050E-03
 m nph ndex n          14           1          11         195
 k l nrec         164          10          11          11  3.0913269E-03
 m nph ndex n          15           1          12         194
 k l nrec         163          10          12          12  3.2584139E-03
 m nph ndex n          16           1          13         193
 k l nrec         162          10          13          13  3.5369035E-03
 m nph ndex n          17           1          14         192
 k l nrec         161          10          14          14  3.9267750E-03
 m nph ndex n          18           1          15         191
 k l nrec         160          10          15          15  4.4281231E-03
 m nph ndex n          19           1          16         190
 k l nrec         159          10          16          16  5.0410111E-03
 m nph ndex n          20           1          17         189
 k l nrec         158          10          17          17  5.7653924E-03
 m nph ndex n          21           1          18         188
 k l nrec         157          10          18          18  6.6013378E-03
 m nph ndex n          22           1          19         187
 k l nrec         156          10          19          19  7.5489096E-03
 m nph ndex n          23           1          20         186
 k l nrec         155          10          20          20  8.6079361E-03
 m nph ndex n          24           1          21         185
 k l nrec         154          10          21          21  8.6456975E-03
 m nph ndex n          25           1          22         184
 k l nrec         153          10          22          22  8.8180425E-03
 m nph ndex n          26           1          23         183
 k l nrec         152          10          23          23  1.0042973E-02
 m nph ndex n          27           1          24         182
 k l nrec         151          10          24          24  1.2216166E-02
 m nph ndex n          28           1          25         181
 k l nrec         150          10          25          25  1.4414797E-02
 m nph ndex n          29           1          26         180
 k l nrec         149          10          26          26  1.6061574E-02
 m nph ndex n          30           1          27         179
 k l nrec         148          10          27          27  1.7741140E-02
 m nph ndex n          31           1          28         178
 k l nrec         147          10          28          28  1.9426886E-02
 m nph ndex n          32           1          29         177
 k l nrec         146          10          29          29  2.1149147E-02
 m nph ndex n          33           1          30         176
 k l nrec         145          10          30          30  2.2919759E-02
 m nph ndex n          34           1          31         175
 k l nrec         144          10          31          31  2.4735095E-02
 m nph ndex n          35           1          32         174
 k l nrec         143          10          32          32  2.6595021E-02
 m nph ndex n          37           1          33         169
 k l nrec         139           8          33          33  2.6730489E-02
 m nph ndex n          38           1          34         168
 k l nrec         138           8          34          34  2.7209908E-02
 m nph ndex n          39           1          35         167
 k l nrec         137           8          35          35  2.8166374E-02
 m nph ndex n          40           1          36         166
 k l nrec         136           8          36          36  2.9673511E-02
 m nph ndex n          41           1          37         165
 k l nrec         135           8          37          37  3.1744611E-02
 m nph ndex n          42           1          38         164
 k l nrec         134           8          38          38  3.4215380E-02
 m nph ndex n          43           1          39         163
 k l nrec         133           8          39          39  3.7022680E-02
 m nph ndex n          44           1          40         162
 k l nrec         132           8          40          40  4.0085461E-02
 m nph ndex n          46           1          41         155
 k l nrec         129           6          41          41  4.0157873E-02
 m nph ndex n          47           1          42         154
 k l nrec         128           6          42          42  4.0391535E-02
 m nph ndex n          48           1          43         153
 k l nrec         127           6          43          43  4.0815454E-02
 m nph ndex n          49           1          44         152
 k l nrec         126           6          44          44  4.1461572E-02
 m nph ndex n          50           1          45         151
 k l nrec         125           6          45          45  4.2362817E-02
 m nph ndex n          51           1          46         150
 k l nrec         124           6          46          46  4.3485176E-02
 m nph ndex n          52           1          47         149
 k l nrec         123           6          47          47  4.4914193E-02
 m nph ndex n          53           1          48         148
 k l nrec         122           6          48          48  4.5673609E-02
 m nph ndex n          54           1          49         147
 k l nrec         121           6          49          49  4.7050059E-02
 nph m1 n1 k1           2         128         275          25
 m nph ndex n           2           2          53         321
 k l nrec         275          25          50          50  1.2558699E-04
 m nph ndex n           3           2          54         320
 k l nrec         274          25          51          51  5.0228834E-04
 m nph ndex n           4           2          55         319
 k l nrec         273          25          52          52  1.1301041E-03
 m nph ndex n           5           2          56         318
 k l nrec         272          25          53          53  2.0090938E-03
 m nph ndex n           6           2          57         317
 k l nrec         271          25          54          54  3.1391978E-03
 m nph ndex n           8           2          58         302
 k l nrec         267          23          55          55  3.2235789E-03
 m nph ndex n           9           2          59         301
 k l nrec         266          23          56          56  3.4767224E-03
 m nph ndex n          10           2          60         300
 k l nrec         265          23          57          57  3.8985740E-03
 m nph ndex n          11           2          61         299
 k l nrec         264          23          58          58  4.4892952E-03
 m nph ndex n          12           2          62         298
 k l nrec         263          23          59          59  5.2487254E-03
 m nph ndex n          14           2          63         279
 k l nrec         259          21          60          60  5.3719743E-03
 m nph ndex n          15           2          64         278
 k l nrec         258          21          61          61  5.7409899E-03
 m nph ndex n          16           2          65         277
 k l nrec         257          21          62          62  6.3613639E-03
 m nph ndex n          17           2          66         276
 k l nrec         256          21          63          63  7.2275498E-03
 m nph ndex n          18           2          67         275
 k l nrec         255          21          64          64  8.3422940E-03
 m nph ndex n          19           2          68         274
 k l nrec         254          21          65          65  9.7056655E-03
 m nph ndex n          20           2          69         273
 k l nrec         253          21          66          66  1.1300653E-02
 m nph ndex n          21           2          70         272
 k l nrec         252          21          67          67  1.3140642E-02
 m nph ndex n          22           2          71         271
 k l nrec         251          21          68          68  1.5243907E-02
 m nph ndex n          23           2          72         270
 k l nrec         250          21          69          69  1.6501134E-02
 m nph ndex n          24           2          73         269
 k l nrec         249          21          70          70  1.8422438E-02
 m nph ndex n          25           2          74         268
 k l nrec         248          21          71          71  2.0640153E-02
 m nph ndex n          26           2          75         267
 k l nrec         247          21          72          72  2.3089815E-02
 m nph ndex n          27           2          76         266
 k l nrec         246          21          73          73  2.5770687E-02
 m nph ndex n          29           2          77         263
 k l nrec         243          19          74          74  2.8490640E-02
 m nph ndex n          30           2          78         262
 k l nrec         242          19          75          75  3.1234736E-02
 m nph ndex n          31           2          79         261
 k l nrec         241          19          76          76  3.4003828E-02
 m nph ndex n          32           2          80         260
 k l nrec         240          19          77          77  3.6798548E-02
 m nph ndex n          33           2          81         259
 k l nrec         239          19          78          78  3.9619192E-02
 m nph ndex n          34           2          82         258
 k l nrec         238          19          79          79  4.2466398E-02
 m nph ndex n          35           2          83         257
 k l nrec         237          19          80          80  4.5340590E-02
 m nph ndex n          36           2          84         256
 k l nrec         236          19          81          81  4.8242655E-02
 m nph ndex n          38           2          85         249
 k l nrec         233          17          82          82  4.8530452E-02
 m nph ndex n          39           2          86         248
 k l nrec         232          17          83          83  4.9605034E-02
 m nph ndex n          40           2          87         247
 k l nrec         231          17          84          84  5.1878762E-02
 m nph ndex n          41           2          88         246
 k l nrec         230          17          85          85  5.4620724E-02
 m nph ndex n          42           2          89         245
 k l nrec         229          17          86          86  5.7393190E-02
 m nph ndex n          43           2          90         244
 k l nrec         228          17          87          87  6.0196929E-02
 m nph ndex n          44           2          91         243
 k l nrec         227          16          88          88  6.0218763E-02
 m nph ndex n          45           2          92         242
 k l nrec         226          16          89          89  6.0284406E-02
 m nph ndex n          46           2          93         241
 k l nrec         225          16          90          90  6.0393710E-02
 m nph ndex n          47           2          94         240
 k l nrec         224          16          91          91  6.0546845E-02
 m nph ndex n          48           2          95         239
 k l nrec         223          16          92          92  6.0743913E-02
 m nph ndex n          49           2          96         238
 k l nrec         222          15          93          93  6.0765628E-02
 m nph ndex n          50           2          97         237
 k l nrec         222          15          94          94  6.0859513E-02
 m nph ndex n          51           2          98         236
 k l nrec         222          15          95          95  6.1143029E-02
 m nph ndex n          52           2          99         235
 k l nrec         221          15          96          96  6.2204376E-02
 m nph ndex n          53           2         100         234
 k l nrec         220          15          97          97  6.4854063E-02
 m nph ndex n          54           2         101         233
 k l nrec         219          15          98          98  6.7532353E-02
 m nph ndex n          55           2         102         232
 k l nrec         218          15          99          99  7.0239760E-02
 m nph ndex n          56           2         103         231
 k l nrec         217          15         100         100  7.2977290E-02
 m nph ndex n          58           2         104         216
 k l nrec         208          11         101         101  7.3198043E-02
 m nph ndex n          59           2         105         215
 k l nrec         207          11         102         102  7.3977605E-02
 m nph ndex n          60           2         106         214
 k l nrec         206          11         103         103  7.5547032E-02
 m nph ndex n          61           2         107         213
 k l nrec         205          11         104         104  7.8052454E-02
 m nph ndex n          62           2         108         212
 k l nrec         204          11         105         105  7.9845004E-02
 m nph ndex n          63           2         109         211
 k l nrec         203          11         106         106  8.1653818E-02
 m nph ndex n          64           2         110         210
 k l nrec         202          11         107         107  8.1992321E-02
 m nph ndex n          65           2         111         209
 k l nrec         201          11         108         108  8.2919650E-02
 m nph ndex n          66           2         112         208
 k l nrec         200          11         109         109  8.4339850E-02
 m nph ndex n          67           2         113         207
 k l nrec         199          11         110         110  8.6131804E-02
